<?xml version="1.0" encoding="utf-8"?><testsuites><testsuite name="pytest" errors="0" failures="0" skipped="0" tests="5" time="12.614" timestamp="2024-09-19T11:22:12.533992" hostname="mariogmarq"><testcase classname="tests.distributed.test_client_builder.TestClientBuilder" name="test_builder_builds_working_client" time="7.665" /><testcase classname="tests.distributed.test_server.TestServer" name="test_server_integration_test" time="8.883" /><testcase classname="tests.distributed.test_client_builder.TestClientBuilder" name="test_builder_raises_when_not_all_fields_are_called" time="0.002" /><testcase classname="tests.distributed.aio.test_server.TestAsyncServer" name="test_server_integration_test" time="1.087" /><testcase classname="tests.distributed.test_server.TestServer" name="test_server_run_called_twice" time="0.106" /></testsuite></testsuites>